2024-03-26 14:31:57 [::1][-][-][error][yii\web\HttpException:404] yii\base\InvalidRouteException: Unable to resolve the request "". in D:\source\repos\workonyii\yii2-template\vendor\yiisoft\yii2\base\Module.php:561
Stack trace:
#0 D:\source\repos\workonyii\yii2-template\vendor\yiisoft\yii2\web\Application.php(103): yii\base\Module->runAction()
#1 D:\source\repos\workonyii\yii2-template\vendor\yiisoft\yii2\base\Application.php(384): yii\web\Application->handleRequest()
#2 D:\source\repos\workonyii\yii2-template\backend\web\index.php(18): yii\base\Application->run()
#3 {main}

Next yii\web\NotFoundHttpException: Страница не найдена. in D:\source\repos\workonyii\yii2-template\vendor\yiisoft\yii2\web\Application.php:115
Stack trace:
#0 D:\source\repos\workonyii\yii2-template\vendor\yiisoft\yii2\base\Application.php(384): yii\web\Application->handleRequest()
#1 D:\source\repos\workonyii\yii2-template\backend\web\index.php(18): yii\base\Application->run()
#2 {main}
2024-03-26 14:43:05 [::1][-][-][error][yii\base\ErrorException:64] yii\base\ErrorException: Namespace declaration statement has to be the very first statement or after any declare call in the script in D:\source\repos\workonyii\yii2-template\backend\assets\AppAsset.php:3
Stack trace:
#0 [internal function]: yii\base\ErrorHandler->handleFatalError()
#1 {main}
2024-03-26 20:55:55 [::1][-][-][error][yii\web\HttpException:404] yii\base\InvalidRouteException: Unable to resolve the request "". in D:\source\repos\workonyii\yii2-template\vendor\yiisoft\yii2\base\Module.php:561
Stack trace:
#0 D:\source\repos\workonyii\yii2-template\vendor\yiisoft\yii2\web\Application.php(103): yii\base\Module->runAction()
#1 D:\source\repos\workonyii\yii2-template\vendor\yiisoft\yii2\base\Application.php(384): yii\web\Application->handleRequest()
#2 D:\source\repos\workonyii\yii2-template\backend\web\index.php(18): yii\base\Application->run()
#3 {main}

Next yii\web\NotFoundHttpException: Страница не найдена. in D:\source\repos\workonyii\yii2-template\vendor\yiisoft\yii2\web\Application.php:115
Stack trace:
#0 D:\source\repos\workonyii\yii2-template\vendor\yiisoft\yii2\base\Application.php(384): yii\web\Application->handleRequest()
#1 D:\source\repos\workonyii\yii2-template\backend\web\index.php(18): yii\base\Application->run()
#2 {main}
2024-03-26 20:55:57 [::1][-][-][error][yii\web\HttpException:404] yii\base\InvalidRouteException: Unable to resolve the request "order/index". in D:\source\repos\workonyii\yii2-template\vendor\yiisoft\yii2\base\Module.php:561
Stack trace:
#0 D:\source\repos\workonyii\yii2-template\vendor\yiisoft\yii2\web\Application.php(103): yii\base\Module->runAction()
#1 D:\source\repos\workonyii\yii2-template\vendor\yiisoft\yii2\base\Application.php(384): yii\web\Application->handleRequest()
#2 D:\source\repos\workonyii\yii2-template\backend\web\index.php(18): yii\base\Application->run()
#3 {main}

Next yii\web\NotFoundHttpException: Страница не найдена. in D:\source\repos\workonyii\yii2-template\vendor\yiisoft\yii2\web\Application.php:115
Stack trace:
#0 D:\source\repos\workonyii\yii2-template\vendor\yiisoft\yii2\base\Application.php(384): yii\web\Application->handleRequest()
#1 D:\source\repos\workonyii\yii2-template\backend\web\index.php(18): yii\base\Application->run()
#2 {main}
2024-03-26 20:56:58 [::1][-][-][error][yii\web\HttpException:404] yii\base\InvalidRouteException: Unable to resolve the request "order/index". in D:\source\repos\workonyii\yii2-template\vendor\yiisoft\yii2\base\Module.php:561
Stack trace:
#0 D:\source\repos\workonyii\yii2-template\vendor\yiisoft\yii2\web\Application.php(103): yii\base\Module->runAction()
#1 D:\source\repos\workonyii\yii2-template\vendor\yiisoft\yii2\base\Application.php(384): yii\web\Application->handleRequest()
#2 D:\source\repos\workonyii\yii2-template\backend\web\index.php(18): yii\base\Application->run()
#3 {main}

Next yii\web\NotFoundHttpException: Страница не найдена. in D:\source\repos\workonyii\yii2-template\vendor\yiisoft\yii2\web\Application.php:115
Stack trace:
#0 D:\source\repos\workonyii\yii2-template\vendor\yiisoft\yii2\base\Application.php(384): yii\web\Application->handleRequest()
#1 D:\source\repos\workonyii\yii2-template\backend\web\index.php(18): yii\base\Application->run()
#2 {main}
2024-03-26 20:56:59 [::1][-][-][error][yii\web\HttpException:404] yii\base\InvalidRouteException: Unable to resolve the request "". in D:\source\repos\workonyii\yii2-template\vendor\yiisoft\yii2\base\Module.php:561
Stack trace:
#0 D:\source\repos\workonyii\yii2-template\vendor\yiisoft\yii2\web\Application.php(103): yii\base\Module->runAction()
#1 D:\source\repos\workonyii\yii2-template\vendor\yiisoft\yii2\base\Application.php(384): yii\web\Application->handleRequest()
#2 D:\source\repos\workonyii\yii2-template\backend\web\index.php(18): yii\base\Application->run()
#3 {main}

Next yii\web\NotFoundHttpException: Страница не найдена. in D:\source\repos\workonyii\yii2-template\vendor\yiisoft\yii2\web\Application.php:115
Stack trace:
#0 D:\source\repos\workonyii\yii2-template\vendor\yiisoft\yii2\base\Application.php(384): yii\web\Application->handleRequest()
#1 D:\source\repos\workonyii\yii2-template\backend\web\index.php(18): yii\base\Application->run()
#2 {main}
2024-03-26 20:57:24 [::1][-][eai71nj3c8llej8ck2n04np1en][error][yii\web\HttpException:404] yii\base\InvalidRouteException: Unable to resolve the request: site/logout in D:\source\repos\workonyii\yii2-template\vendor\yiisoft\yii2\base\Controller.php:149
Stack trace:
#0 D:\source\repos\workonyii\yii2-template\vendor\yiisoft\yii2\base\Module.php(552): yii\base\Controller->runAction()
#1 D:\source\repos\workonyii\yii2-template\vendor\yiisoft\yii2\web\Application.php(103): yii\base\Module->runAction()
#2 D:\source\repos\workonyii\yii2-template\vendor\yiisoft\yii2\base\Application.php(384): yii\web\Application->handleRequest()
#3 D:\source\repos\workonyii\yii2-template\backend\web\index.php(18): yii\base\Application->run()
#4 {main}

Next yii\web\NotFoundHttpException: Страница не найдена. in D:\source\repos\workonyii\yii2-template\vendor\yiisoft\yii2\web\Application.php:115
Stack trace:
#0 D:\source\repos\workonyii\yii2-template\vendor\yiisoft\yii2\base\Application.php(384): yii\web\Application->handleRequest()
#1 D:\source\repos\workonyii\yii2-template\backend\web\index.php(18): yii\base\Application->run()
#2 {main}
2024-03-26 20:57:30 [::1][-][eai71nj3c8llej8ck2n04np1en][error][yii\web\HttpException:404] yii\base\InvalidRouteException: Unable to resolve the request "order/index". in D:\source\repos\workonyii\yii2-template\vendor\yiisoft\yii2\base\Module.php:561
Stack trace:
#0 D:\source\repos\workonyii\yii2-template\vendor\yiisoft\yii2\web\Application.php(103): yii\base\Module->runAction()
#1 D:\source\repos\workonyii\yii2-template\vendor\yiisoft\yii2\base\Application.php(384): yii\web\Application->handleRequest()
#2 D:\source\repos\workonyii\yii2-template\backend\web\index.php(18): yii\base\Application->run()
#3 {main}

Next yii\web\NotFoundHttpException: Страница не найдена. in D:\source\repos\workonyii\yii2-template\vendor\yiisoft\yii2\web\Application.php:115
Stack trace:
#0 D:\source\repos\workonyii\yii2-template\vendor\yiisoft\yii2\base\Application.php(384): yii\web\Application->handleRequest()
#1 D:\source\repos\workonyii\yii2-template\backend\web\index.php(18): yii\base\Application->run()
#2 {main}
2024-03-26 20:57:57 [::1][-][-][error][yii\web\HttpException:404] yii\base\InvalidRouteException: Unable to resolve the request "". in D:\source\repos\workonyii\yii2-template\vendor\yiisoft\yii2\base\Module.php:561
Stack trace:
#0 D:\source\repos\workonyii\yii2-template\vendor\yiisoft\yii2\web\Application.php(103): yii\base\Module->runAction()
#1 D:\source\repos\workonyii\yii2-template\vendor\yiisoft\yii2\base\Application.php(384): yii\web\Application->handleRequest()
#2 D:\source\repos\workonyii\yii2-template\backend\web\index.php(18): yii\base\Application->run()
#3 {main}

Next yii\web\NotFoundHttpException: Страница не найдена. in D:\source\repos\workonyii\yii2-template\vendor\yiisoft\yii2\web\Application.php:115
Stack trace:
#0 D:\source\repos\workonyii\yii2-template\vendor\yiisoft\yii2\base\Application.php(384): yii\web\Application->handleRequest()
#1 D:\source\repos\workonyii\yii2-template\backend\web\index.php(18): yii\base\Application->run()
#2 {main}
2024-03-26 20:58:59 [::1][-][-][error][yii\web\HttpException:404] yii\base\InvalidRouteException: Unable to resolve the request "". in D:\source\repos\workonyii\yii2-template\vendor\yiisoft\yii2\base\Module.php:561
Stack trace:
#0 D:\source\repos\workonyii\yii2-template\vendor\yiisoft\yii2\web\Application.php(103): yii\base\Module->runAction()
#1 D:\source\repos\workonyii\yii2-template\vendor\yiisoft\yii2\base\Application.php(384): yii\web\Application->handleRequest()
#2 D:\source\repos\workonyii\yii2-template\backend\web\index.php(18): yii\base\Application->run()
#3 {main}

Next yii\web\NotFoundHttpException: Страница не найдена. in D:\source\repos\workonyii\yii2-template\vendor\yiisoft\yii2\web\Application.php:115
Stack trace:
#0 D:\source\repos\workonyii\yii2-template\vendor\yiisoft\yii2\base\Application.php(384): yii\web\Application->handleRequest()
#1 D:\source\repos\workonyii\yii2-template\backend\web\index.php(18): yii\base\Application->run()
#2 {main}
2024-03-26 21:02:10 [::1][-][-][error][yii\web\HttpException:404] yii\base\InvalidRouteException: Unable to resolve the request "". in D:\source\repos\workonyii\yii2-template\vendor\yiisoft\yii2\base\Module.php:561
Stack trace:
#0 D:\source\repos\workonyii\yii2-template\vendor\yiisoft\yii2\web\Application.php(103): yii\base\Module->runAction()
#1 D:\source\repos\workonyii\yii2-template\vendor\yiisoft\yii2\base\Application.php(384): yii\web\Application->handleRequest()
#2 D:\source\repos\workonyii\yii2-template\backend\web\index.php(18): yii\base\Application->run()
#3 {main}

Next yii\web\NotFoundHttpException: Страница не найдена. in D:\source\repos\workonyii\yii2-template\vendor\yiisoft\yii2\web\Application.php:115
Stack trace:
#0 D:\source\repos\workonyii\yii2-template\vendor\yiisoft\yii2\base\Application.php(384): yii\web\Application->handleRequest()
#1 D:\source\repos\workonyii\yii2-template\backend\web\index.php(18): yii\base\Application->run()
#2 {main}
2024-03-26 21:02:11 [::1][-][-][error][yii\web\HttpException:404] yii\base\InvalidRouteException: Unable to resolve the request "". in D:\source\repos\workonyii\yii2-template\vendor\yiisoft\yii2\base\Module.php:561
Stack trace:
#0 D:\source\repos\workonyii\yii2-template\vendor\yiisoft\yii2\web\Application.php(103): yii\base\Module->runAction()
#1 D:\source\repos\workonyii\yii2-template\vendor\yiisoft\yii2\base\Application.php(384): yii\web\Application->handleRequest()
#2 D:\source\repos\workonyii\yii2-template\backend\web\index.php(18): yii\base\Application->run()
#3 {main}

Next yii\web\NotFoundHttpException: Страница не найдена. in D:\source\repos\workonyii\yii2-template\vendor\yiisoft\yii2\web\Application.php:115
Stack trace:
#0 D:\source\repos\workonyii\yii2-template\vendor\yiisoft\yii2\base\Application.php(384): yii\web\Application->handleRequest()
#1 D:\source\repos\workonyii\yii2-template\backend\web\index.php(18): yii\base\Application->run()
#2 {main}
2024-03-26 21:02:12 [::1][-][-][error][yii\web\HttpException:404] yii\base\InvalidRouteException: Unable to resolve the request "". in D:\source\repos\workonyii\yii2-template\vendor\yiisoft\yii2\base\Module.php:561
Stack trace:
#0 D:\source\repos\workonyii\yii2-template\vendor\yiisoft\yii2\web\Application.php(103): yii\base\Module->runAction()
#1 D:\source\repos\workonyii\yii2-template\vendor\yiisoft\yii2\base\Application.php(384): yii\web\Application->handleRequest()
#2 D:\source\repos\workonyii\yii2-template\backend\web\index.php(18): yii\base\Application->run()
#3 {main}

Next yii\web\NotFoundHttpException: Страница не найдена. in D:\source\repos\workonyii\yii2-template\vendor\yiisoft\yii2\web\Application.php:115
Stack trace:
#0 D:\source\repos\workonyii\yii2-template\vendor\yiisoft\yii2\base\Application.php(384): yii\web\Application->handleRequest()
#1 D:\source\repos\workonyii\yii2-template\backend\web\index.php(18): yii\base\Application->run()
#2 {main}
2024-03-26 21:03:52 [::1][-][-][error][yii\web\HttpException:404] yii\base\InvalidRouteException: Unable to resolve the request "". in D:\source\repos\workonyii\yii2-template\vendor\yiisoft\yii2\base\Module.php:561
Stack trace:
#0 D:\source\repos\workonyii\yii2-template\vendor\yiisoft\yii2\web\Application.php(103): yii\base\Module->runAction()
#1 D:\source\repos\workonyii\yii2-template\vendor\yiisoft\yii2\base\Application.php(384): yii\web\Application->handleRequest()
#2 D:\source\repos\workonyii\yii2-template\backend\web\index.php(18): yii\base\Application->run()
#3 {main}

Next yii\web\NotFoundHttpException: Страница не найдена. in D:\source\repos\workonyii\yii2-template\vendor\yiisoft\yii2\web\Application.php:115
Stack trace:
#0 D:\source\repos\workonyii\yii2-template\vendor\yiisoft\yii2\base\Application.php(384): yii\web\Application->handleRequest()
#1 D:\source\repos\workonyii\yii2-template\backend\web\index.php(18): yii\base\Application->run()
#2 {main}
2024-03-26 21:03:53 [::1][-][-][error][yii\web\HttpException:404] yii\base\InvalidRouteException: Unable to resolve the request "". in D:\source\repos\workonyii\yii2-template\vendor\yiisoft\yii2\base\Module.php:561
Stack trace:
#0 D:\source\repos\workonyii\yii2-template\vendor\yiisoft\yii2\web\Application.php(103): yii\base\Module->runAction()
#1 D:\source\repos\workonyii\yii2-template\vendor\yiisoft\yii2\base\Application.php(384): yii\web\Application->handleRequest()
#2 D:\source\repos\workonyii\yii2-template\backend\web\index.php(18): yii\base\Application->run()
#3 {main}

Next yii\web\NotFoundHttpException: Страница не найдена. in D:\source\repos\workonyii\yii2-template\vendor\yiisoft\yii2\web\Application.php:115
Stack trace:
#0 D:\source\repos\workonyii\yii2-template\vendor\yiisoft\yii2\base\Application.php(384): yii\web\Application->handleRequest()
#1 D:\source\repos\workonyii\yii2-template\backend\web\index.php(18): yii\base\Application->run()
#2 {main}
2024-03-26 21:20:44 [::1][-][-][error][Error] Error: Class 'backend\assets\AppAsset1' not found in D:\source\repos\workonyii\yii2-template\backend\views\layouts\main.php:12
Stack trace:
#0 D:\source\repos\workonyii\yii2-template\vendor\yiisoft\yii2\base\View.php(347): require()
#1 D:\source\repos\workonyii\yii2-template\vendor\yiisoft\yii2\base\View.php(257): yii\base\View->renderPhpFile()
#2 D:\source\repos\workonyii\yii2-template\vendor\yiisoft\yii2\base\Controller.php(422): yii\base\View->renderFile()
#3 D:\source\repos\workonyii\yii2-template\vendor\yiisoft\yii2\base\Controller.php(408): yii\base\Controller->renderContent()
#4 D:\source\repos\workonyii\yii2-template\backend\controllers\SiteController.php(52): yii\base\Controller->render()
#5 [internal function]: backend\controllers\SiteController->actionIndex()
#6 D:\source\repos\workonyii\yii2-template\vendor\yiisoft\yii2\base\InlineAction.php(57): call_user_func_array()
#7 D:\source\repos\workonyii\yii2-template\vendor\yiisoft\yii2\base\Controller.php(178): yii\base\InlineAction->runWithParams()
#8 D:\source\repos\workonyii\yii2-template\vendor\yiisoft\yii2\base\Module.php(552): yii\base\Controller->runAction()
#9 D:\source\repos\workonyii\yii2-template\vendor\yiisoft\yii2\web\Application.php(103): yii\base\Module->runAction()
#10 D:\source\repos\workonyii\yii2-template\vendor\yiisoft\yii2\base\Application.php(384): yii\web\Application->handleRequest()
#11 D:\source\repos\workonyii\yii2-template\backend\web\index.php(18): yii\base\Application->run()
#12 {main}
2024-03-26 21:20:57 [::1][-][-][error][Error] Error: Class 'backend\assets\AppAsset1' not found in D:\source\repos\workonyii\yii2-template\backend\views\layouts\main.php:12
Stack trace:
#0 D:\source\repos\workonyii\yii2-template\vendor\yiisoft\yii2\base\View.php(347): require()
#1 D:\source\repos\workonyii\yii2-template\vendor\yiisoft\yii2\base\View.php(257): yii\base\View->renderPhpFile()
#2 D:\source\repos\workonyii\yii2-template\vendor\yiisoft\yii2\base\Controller.php(422): yii\base\View->renderFile()
#3 D:\source\repos\workonyii\yii2-template\vendor\yiisoft\yii2\base\Controller.php(408): yii\base\Controller->renderContent()
#4 D:\source\repos\workonyii\yii2-template\backend\controllers\SiteController.php(52): yii\base\Controller->render()
#5 [internal function]: backend\controllers\SiteController->actionIndex()
#6 D:\source\repos\workonyii\yii2-template\vendor\yiisoft\yii2\base\InlineAction.php(57): call_user_func_array()
#7 D:\source\repos\workonyii\yii2-template\vendor\yiisoft\yii2\base\Controller.php(178): yii\base\InlineAction->runWithParams()
#8 D:\source\repos\workonyii\yii2-template\vendor\yiisoft\yii2\base\Module.php(552): yii\base\Controller->runAction()
#9 D:\source\repos\workonyii\yii2-template\vendor\yiisoft\yii2\web\Application.php(103): yii\base\Module->runAction()
#10 D:\source\repos\workonyii\yii2-template\vendor\yiisoft\yii2\base\Application.php(384): yii\web\Application->handleRequest()
#11 D:\source\repos\workonyii\yii2-template\backend\web\index.php(18): yii\base\Application->run()
#12 {main}
